# JRE version: Java(TM) SE Runtime Environment (8.0_221-b11) (build 1.8.0_221-b11)
# Java VM: Java HotSpot(TM) 64-Bit Server VM (25.221-b11 mixed mode windows-amd64 compressed oops)
Heap:
 PSYoungGen      total 159744K, used 17823K [0x00000000f5580000, 0x0000000100000000, 0x0000000100000000)
  eden space 146944K, 3% used [0x00000000f5580000,0x00000000f5b23358,0x00000000fe500000)
  from space 12800K, 94% used [0x00000000ff380000,0x00000000fff44a10,0x0000000100000000)
  to   space 13824K, 0% used [0x00000000fe500000,0x00000000fe500000,0x00000000ff280000)
 ParOldGen       total 175104K, used 16759K [0x00000000e0000000, 0x00000000eab00000, 0x00000000f5580000)
  object space 175104K, 9% used [0x00000000e0000000,0x00000000e105ddf8,0x00000000eab00000)
 Metaspace       used 43996K, capacity 45674K, committed 45952K, reserved 1089536K
  class space    used 6093K, capacity 6498K, committed 6528K, reserved 1048576K
GC Heap History (10 events):
Event: 6.941 GC heap before
{Heap before GC invocations=6 (full 1):
 PSYoungGen      total 76288K, used 65536K [0x00000000f5580000, 0x00000000fea80000, 0x0000000100000000)
  eden space 65536K, 100% used [0x00000000f5580000,0x00000000f9580000,0x00000000f9580000)
  from space 10752K, 0% used [0x00000000fa000000,0x00000000fa000000,0x00000000faa80000)
  to   space 10752K, 0% used [0x00000000f9580000,0x00000000f9580000,0x00000000fa000000)
 ParOldGen       total 175104K, used 7046K [0x00000000e0000000, 0x00000000eab00000, 0x00000000f5580000)
  object space 175104K, 4% used [0x00000000e0000000,0x00000000e06e1850,0x00000000eab00000)
 Metaspace       used 29156K, capacity 29918K, committed 30080K, reserved 1075200K
  class space    used 3993K, capacity 4201K, committed 4224K, reserved 1048576K
Event: 6.953 GC heap after
Heap after GC invocations=6 (full 1):
 PSYoungGen      total 76288K, used 8323K [0x00000000f5580000, 0x00000000fd780000, 0x0000000100000000)
  eden space 65536K, 0% used [0x00000000f5580000,0x00000000f5580000,0x00000000f9580000)
  from space 10752K, 77% used [0x00000000f9580000,0x00000000f9da0c18,0x00000000fa000000)
  to   space 11776K, 0% used [0x00000000fcc00000,0x00000000fcc00000,0x00000000fd780000)
 ParOldGen       total 175104K, used 7054K [0x00000000e0000000, 0x00000000eab00000, 0x00000000f5580000)
  object space 175104K, 4% used [0x00000000e0000000,0x00000000e06e3850,0x00000000eab00000)
 Metaspace       used 29156K, capacity 29918K, committed 30080K, reserved 1075200K
  class space    used 3993K, capacity 4201K, committed 4224K, reserved 1048576K
}
Event: 10.675 GC heap before
{Heap before GC invocations=7 (full 1):
 PSYoungGen      total 76288K, used 73859K [0x00000000f5580000, 0x00000000fd780000, 0x0000000100000000)
  eden space 65536K, 100% used [0x00000000f5580000,0x00000000f9580000,0x00000000f9580000)
  from space 10752K, 77% used [0x00000000f9580000,0x00000000f9da0c18,0x00000000fa000000)
  to   space 11776K, 0% used [0x00000000fcc00000,0x00000000fcc00000,0x00000000fd780000)
 ParOldGen       total 175104K, used 7054K [0x00000000e0000000, 0x00000000eab00000, 0x00000000f5580000)
  object space 175104K, 4% used [0x00000000e0000000,0x00000000e06e3850,0x00000000eab00000)
 Metaspace       used 32086K, capacity 32928K, committed 33152K, reserved 1077248K
  class space    used 4490K, capacity 4723K, committed 4736K, reserved 1048576K
Event: 10.695 GC heap after
Heap after GC invocations=7 (full 1):
 PSYoungGen      total 116736K, used 9986K [0x00000000f5580000, 0x00000000fd600000, 0x0000000100000000)
  eden space 106496K, 0% used [0x00000000f5580000,0x00000000f5580000,0x00000000fbd80000)
  from space 10240K, 97% used [0x00000000fcc00000,0x00000000fd5c0920,0x00000000fd600000)
  to   space 12288K, 0% used [0x00000000fbe00000,0x00000000fbe00000,0x00000000fca00000)
 ParOldGen       total 175104K, used 7054K [0x00000000e0000000, 0x00000000eab00000, 0x00000000f5580000)
  object space 175104K, 4% used [0x00000000e0000000,0x00000000e06e3850,0x00000000eab00000)
 Metaspace       used 32086K, capacity 32928K, committed 33152K, reserved 1077248K
  class space    used 4490K, capacity 4723K, committed 4736K, reserved 1048576K
}
Event: 11.153 GC heap before
{Heap before GC invocations=8 (full 1):
 PSYoungGen      total 116736K, used 54013K [0x00000000f5580000, 0x00000000fd600000, 0x0000000100000000)
  eden space 106496K, 41% used [0x00000000f5580000,0x00000000f807eb00,0x00000000fbd80000)
  from space 10240K, 97% used [0x00000000fcc00000,0x00000000fd5c0920,0x00000000fd600000)
  to   space 12288K, 0% used [0x00000000fbe00000,0x00000000fbe00000,0x00000000fca00000)
 ParOldGen       total 175104K, used 7054K [0x00000000e0000000, 0x00000000eab00000, 0x00000000f5580000)
  object space 175104K, 4% used [0x00000000e0000000,0x00000000e06e3850,0x00000000eab00000)
 Metaspace       used 34198K, capacity 35282K, committed 35456K, reserved 1079296K
  class space    used 4818K, capacity 5128K, committed 5248K, reserved 1048576K
Event: 11.162 GC heap after
Heap after GC invocations=8 (full 1):
 PSYoungGen      total 119296K, used 10390K [0x00000000f5580000, 0x0000000100000000, 0x0000000100000000)
  eden space 107008K, 0% used [0x00000000f5580000,0x00000000f5580000,0x00000000fbe00000)
  from space 12288K, 84% used [0x00000000fbe00000,0x00000000fc825888,0x00000000fca00000)
  to   space 12800K, 0% used [0x00000000ff380000,0x00000000ff380000,0x0000000100000000)
 ParOldGen       total 175104K, used 7062K [0x00000000e0000000, 0x00000000eab00000, 0x00000000f5580000)
  object space 175104K, 4% used [0x00000000e0000000,0x00000000e06e5850,0x00000000eab00000)
 Metaspace       used 34198K, capacity 35282K, committed 35456K, reserved 1079296K
  class space    used 4818K, capacity 5128K, committed 5248K, reserved 1048576K
}
Event: 11.162 GC heap before
{Heap before GC invocations=9 (full 2):
 PSYoungGen      total 119296K, used 10390K [0x00000000f5580000, 0x0000000100000000, 0x0000000100000000)
  eden space 107008K, 0% used [0x00000000f5580000,0x00000000f5580000,0x00000000fbe00000)
  from space 12288K, 84% used [0x00000000fbe00000,0x00000000fc825888,0x00000000fca00000)
  to   space 12800K, 0% used [0x00000000ff380000,0x00000000ff380000,0x0000000100000000)
 ParOldGen       total 175104K, used 7062K [0x00000000e0000000, 0x00000000eab00000, 0x00000000f5580000)
  object space 175104K, 4% used [0x00000000e0000000,0x00000000e06e5850,0x00000000eab00000)
 Metaspace       used 34198K, capacity 35282K, committed 35456K, reserved 1079296K
  class space    used 4818K, capacity 5128K, committed 5248K, reserved 1048576K
Event: 11.210 GC heap after
Heap after GC invocations=9 (full 2):
 PSYoungGen      total 119296K, used 0K [0x00000000f5580000, 0x0000000100000000, 0x0000000100000000)
  eden space 107008K, 0% used [0x00000000f5580000,0x00000000f5580000,0x00000000fbe00000)
  from space 12288K, 0% used [0x00000000fbe00000,0x00000000fbe00000,0x00000000fca00000)
  to   space 12800K, 0% used [0x00000000ff380000,0x00000000ff380000,0x0000000100000000)
 ParOldGen       total 175104K, used 16751K [0x00000000e0000000, 0x00000000eab00000, 0x00000000f5580000)
  object space 175104K, 9% used [0x00000000e0000000,0x00000000e105bdf8,0x00000000eab00000)
 Metaspace       used 34198K, capacity 35282K, committed 35456K, reserved 1079296K
  class space    used 4818K, capacity 5128K, committed 5248K, reserved 1048576K
}
Event: 13.737 GC heap before
{Heap before GC invocations=10 (full 2):
 PSYoungGen      total 119296K, used 107008K [0x00000000f5580000, 0x0000000100000000, 0x0000000100000000)
  eden space 107008K, 100% used [0x00000000f5580000,0x00000000fbe00000,0x00000000fbe00000)
  from space 12288K, 0% used [0x00000000fbe00000,0x00000000fbe00000,0x00000000fca00000)
  to   space 12800K, 0% used [0x00000000ff380000,0x00000000ff380000,0x0000000100000000)
 ParOldGen       total 175104K, used 16751K [0x00000000e0000000, 0x00000000eab00000, 0x00000000f5580000)
  object space 175104K, 9% used [0x00000000e0000000,0x00000000e105bdf8,0x00000000eab00000)
 Metaspace       used 43114K, capacity 44810K, committed 45184K, reserved 1087488K
  class space    used 5996K, capacity 6402K, committed 6528K, reserved 1048576K
Event: 13.751 GC heap after
Heap after GC invocations=10 (full 2):
 PSYoungGen      total 159744K, used 12050K [0x00000000f5580000, 0x0000000100000000, 0x0000000100000000)
  eden space 146944K, 0% used [0x00000000f5580000,0x00000000f5580000,0x00000000fe500000)
  from space 12800K, 94% used [0x00000000ff380000,0x00000000fff44a10,0x0000000100000000)
  to   space 13824K, 0% used [0x00000000fe500000,0x00000000fe500000,0x00000000ff280000)
 ParOldGen       total 175104K, used 16759K [0x00000000e0000000, 0x00000000eab00000, 0x00000000f5580000)
  object space 175104K, 9% used [0x00000000e0000000,0x00000000e105ddf8,0x00000000eab00000)
 Metaspace       used 43114K, capacity 44810K, committed 45184K, reserved 1087488K
  class space    used 5996K, capacity 6402K, committed 6528K, reserved 1048576K
}

